#
# There is insufficient memory for the Java Runtime Environment to continue.
# Native memory allocation (malloc) failed to allocate 32744 bytes for ChunkPool::allocate
# Possible reasons:
#   The system is out of physical RAM or swap space
#   The process is running with CompressedOops enabled, and the Java Heap may be blocking the growth of the native heap
# Possible solutions:
#   Reduce memory load on the system
#   Increase physical memory or swap space
#   Check if swap backing store is full
#   Decrease Java heap size (-Xmx/-Xms)
#   Decrease number of Java threads
#   Decrease Java thread stack sizes (-Xss)
#   Set larger code cache with -XX:ReservedCodeCacheSize=
# This output file may be truncated or incomplete.
#
#  Out of Memory Error (allocation.cpp:272), pid=27156, tid=0x00000000000028c0
#
# JRE version: OpenJDK Runtime Environment (8.0_362-b08) (build 1.8.0_362-b08)
# Java VM: OpenJDK 64-Bit Server VM (25.362-b08 mixed mode windows-amd64 compressed oops)
# Failed to write core dump. Minidumps are not enabled by default on client versions of Windows
#

---------------  T H R E A D  ---------------

Current thread (0x0000012dff633000):  VMThread [stack: 0x00000006e6d00000,0x00000006e6e00000] [id=10432]

Stack: [0x00000006e6d00000,0x00000006e6e00000]
[error occurred during error reporting (printing stack bounds), id 0xc0000005]

Native frames: (J=compiled Java code, j=interpreted, Vv=VM code, C=native code)

VM_Operation (0x00000006e9cfe1b0): BulkRevokeBias, mode: safepoint, requested by thread 0x0000012cd72a2800


---------------  P R O C E S S  ---------------

Java Threads: ( => current thread )
  0x0000012cd75b8800 JavaThread "com.alibaba.nacos.client.Worker" daemon [_thread_blocked, id=25392, stack(0x00000006e8700000,0x00000006e8800000)]
  0x0000012cd75b6800 JavaThread "com.alibaba.nacos.client.Worker" daemon [_thread_blocked, id=20112, stack(0x00000006ec600000,0x00000006ec700000)]
  0x0000012cd75b6000 JavaThread "com.alibaba.nacos.client.naming.updater.3" daemon [_thread_blocked, id=13292, stack(0x00000006ec500000,0x00000006ec600000)]
  0x0000012cd75ae000 JavaThread "nacos-grpc-client-executor-127.0.0.1-11" daemon [_thread_blocked, id=24136, stack(0x00000006ec400000,0x00000006ec500000)]
  0x0000012cd75b0800 JavaThread "PollingServerListUpdater-1" daemon [_thread_blocked, id=27392, stack(0x00000006ec300000,0x00000006ec400000)]
  0x0000012cd75af800 JavaThread "RMI TCP Connection(2)-192.168.80.1" daemon [_thread_in_native, id=31316, stack(0x00000006ec200000,0x00000006ec300000)]
  0x0000012cd75b2000 JavaThread "nacos-grpc-client-executor-127.0.0.1-10" daemon [_thread_blocked, id=26088, stack(0x00000006ec100000,0x00000006ec200000)]
  0x0000012cd75b5000 JavaThread "Keep-Alive-Timer" daemon [_thread_blocked, id=30844, stack(0x00000006ebf00000,0x00000006ec000000)]
  0x0000012cd75af000 JavaThread "com.alibaba.nacos.client.naming.updater.2" daemon [_thread_blocked, id=28328, stack(0x00000006ec000000,0x00000006ec100000)]
  0x0000012cd75b4800 JavaThread "nacos-grpc-client-executor-127.0.0.1-9" daemon [_thread_blocked, id=29916, stack(0x00000006ebe00000,0x00000006ebf00000)]
  0x0000012cd75b3800 JavaThread "DataPublisher" daemon [_thread_blocked, id=8696, stack(0x00000006ebd00000,0x00000006ebe00000)]
  0x0000012cd75b3000 JavaThread "nacos-grpc-client-executor-127.0.0.1-8" daemon [_thread_blocked, id=31368, stack(0x00000006ebc00000,0x00000006ebd00000)]
  0x0000012cd7341800 JavaThread "nacos-grpc-client-executor-127.0.0.1-7" daemon [_thread_blocked, id=15840, stack(0x00000006ebb00000,0x00000006ebc00000)]
  0x0000012cd7343800 JavaThread "com.alibaba.nacos.client.naming.updater.1" daemon [_thread_blocked, id=17568, stack(0x00000006eba00000,0x00000006ebb00000)]
  0x0000012cd7345800 JavaThread "PollingServerListUpdater-0" daemon [_thread_blocked, id=7684, stack(0x00000006eb900000,0x00000006eba00000)]
  0x0000012cd7340800 JavaThread "nacos-grpc-client-executor-127.0.0.1-12" daemon [_thread_blocked, id=28748, stack(0x00000006eb800000,0x00000006eb900000)]
  0x0000012cd7340000 JavaThread "nacos-grpc-client-executor-127.0.0.1-11" daemon [_thread_blocked, id=31388, stack(0x00000006eb700000,0x00000006eb800000)]
  0x0000012cd733f000 JavaThread "nacos-grpc-client-executor-127.0.0.1-10" daemon [_thread_blocked, id=31304, stack(0x00000006eb500000,0x00000006eb600000)]
  0x0000012cd7343000 JavaThread "DestroyJavaVM" [_thread_blocked, id=29928, stack(0x00000006e6200000,0x00000006e6300000)]
  0x0000012cd7342000 JavaThread "nacos-grpc-client-executor-127.0.0.1-6" daemon [_thread_blocked, id=5952, stack(0x00000006eb600000,0x00000006eb700000)]
  0x0000012cd7344800 JavaThread "nacos-grpc-client-executor-127.0.0.1-5" daemon [_thread_blocked, id=27064, stack(0x00000006eb400000,0x00000006eb500000)]
  0x0000012cd7337000 JavaThread "RibbonApacheHttpClientConfiguration.connectionManagerTimer" daemon [_thread_blocked, id=31184, stack(0x00000006eb300000,0x00000006eb400000)]
  0x0000012cd733e000 JavaThread "nacos-grpc-client-executor-127.0.0.1-4" daemon [_thread_blocked, id=31688, stack(0x00000006eb200000,0x00000006eb300000)]
  0x0000012cd7336800 JavaThread "http-nio-8080-Acceptor" daemon [_thread_in_native, id=27676, stack(0x00000006eb100000,0x00000006eb200000)]
  0x0000012cd733d800 JavaThread "http-nio-8080-ClientPoller" daemon [_thread_in_native, id=22684, stack(0x00000006eb000000,0x00000006eb100000)]
  0x0000012cd733c000 JavaThread "http-nio-8080-exec-10" daemon [_thread_blocked, id=31356, stack(0x00000006eaf00000,0x00000006eb000000)]
  0x0000012cd733b000 JavaThread "http-nio-8080-exec-9" daemon [_thread_blocked, id=6852, stack(0x00000006eae00000,0x00000006eaf00000)]
  0x0000012cd733a800 JavaThread "http-nio-8080-exec-8" daemon [_thread_blocked, id=19976, stack(0x00000006ead00000,0x00000006eae00000)]
  0x0000012cd733c800 JavaThread "http-nio-8080-exec-7" daemon [_thread_blocked, id=25924, stack(0x00000006eac00000,0x00000006ead00000)]
  0x0000012cd7338800 JavaThread "http-nio-8080-exec-6" daemon [_thread_blocked, id=29528, stack(0x00000006eab00000,0x00000006eac00000)]
  0x0000012cd7338000 JavaThread "http-nio-8080-exec-5" daemon [_thread_blocked, id=30276, stack(0x00000006eaa00000,0x00000006eab00000)]
  0x0000012cd7339800 JavaThread "http-nio-8080-exec-4" daemon [_thread_blocked, id=3248, stack(0x00000006ea900000,0x00000006eaa00000)]
  0x0000012cd72b1800 JavaThread "http-nio-8080-exec-3" daemon [_thread_blocked, id=5684, stack(0x00000006ea800000,0x00000006ea900000)]
  0x0000012cd72b1000 JavaThread "http-nio-8080-exec-2" daemon [_thread_blocked, id=30004, stack(0x00000006ea700000,0x00000006ea800000)]
  0x0000012cd72b0000 JavaThread "http-nio-8080-exec-1" daemon [_thread_blocked, id=30976, stack(0x00000006ea600000,0x00000006ea700000)]
  0x0000012cd72af000 JavaThread "http-nio-8080-BlockPoller" daemon [_thread_in_native, id=14828, stack(0x00000006ea500000,0x00000006ea600000)]
  0x0000012cd72ae800 JavaThread "Nacos-Watch-Task-Scheduler-1" [_thread_blocked, id=8500, stack(0x00000006ea400000,0x00000006ea500000)]
  0x0000012cd72ad800 JavaThread "nacos-grpc-client-executor-127.0.0.1-3" daemon [_thread_blocked, id=21192, stack(0x00000006ea200000,0x00000006ea300000)]
  0x0000012cd72a6800 JavaThread "com.alibaba.nacos.client.naming.updater.0" daemon [_thread_blocked, id=9400, stack(0x00000006ea300000,0x00000006ea400000)]
  0x0000012cd72aa800 JavaThread "grpc-nio-worker-ELG-1-4" daemon [_thread_in_native, id=1932, stack(0x00000006e9e00000,0x00000006e9f00000)]
  0x0000012cd72ac000 JavaThread "grpc-nio-worker-ELG-1-3" daemon [_thread_in_native, id=4968, stack(0x00000006e9d00000,0x00000006e9e00000)]
  0x0000012cd72a2800 JavaThread "com.alibaba.nacos.client.remote.worker" daemon [_thread_blocked, id=11716, stack(0x00000006e9c00000,0x00000006e9d00000)]
  0x0000012cd72a8000 JavaThread "com.alibaba.nacos.client.remote.worker" daemon [_thread_blocked, id=13812, stack(0x00000006e9b00000,0x00000006e9c00000)]
  0x0000012cd72a5000 JavaThread "com.alibaba.nacos.client.naming.grpc.redo.0" daemon [_thread_blocked, id=24500, stack(0x00000006e9a00000,0x00000006e9b00000)]
  0x0000012cd72a9000 JavaThread "com.alibaba.nacos.naming.push.receiver" daemon [_thread_in_native, id=29444, stack(0x00000006e9900000,0x00000006e9a00000)]
  0x0000012cd72a4000 JavaThread "com.alibaba.nacos.client.naming.security" daemon [_thread_blocked, id=28656, stack(0x00000006e9800000,0x00000006e9900000)]
  0x0000012cd72a9800 JavaThread "com.alibaba.nacos.naming.failover" daemon [_thread_blocked, id=29940, stack(0x00000006e9700000,0x00000006e9800000)]
  0x0000012cd72a3800 JavaThread "nacos.publisher-com.alibaba.nacos.client.naming.event.InstancesChangeEvent" daemon [_thread_blocked, id=24680, stack(0x00000006e9600000,0x00000006e9700000)]
  0x0000012cd221e000 JavaThread "spring.cloud.inetutils" daemon [_thread_blocked, id=19520, stack(0x00000006e9500000,0x00000006e9600000)]
  0x0000012cd221c800 JavaThread "com.alibaba.nacos.client.Worker" daemon [_thread_blocked, id=23152, stack(0x00000006e9400000,0x00000006e9500000)]
  0x0000012cd221c000 JavaThread "container-0" [_thread_blocked, id=4528, stack(0x00000006e9300000,0x00000006e9400000)]
  0x0000012cd221d800 JavaThread "Catalina-utility-2" [_thread_blocked, id=23876, stack(0x00000006e9200000,0x00000006e9300000)]
  0x0000012cd2220000 JavaThread "Catalina-utility-1" [_thread_blocked, id=27032, stack(0x00000006e9100000,0x00000006e9200000)]
  0x0000012cd1ea0000 JavaThread "grpc-nio-worker-ELG-1-2" daemon [_thread_in_native, id=31248, stack(0x00000006e8500000,0x00000006e8600000)]
  0x0000012cd1e9e800 JavaThread "grpc-default-executor-0" daemon [_thread_blocked, id=30936, stack(0x00000006e8400000,0x00000006e8500000)]
  0x0000012cd1ea4000 JavaThread "grpc-nio-worker-ELG-1-1" daemon [_thread_in_native, id=31224, stack(0x00000006e8300000,0x00000006e8400000)]
  0x0000012cd1ea3000 JavaThread "com.alibaba.nacos.client.remote.worker" daemon [_thread_blocked, id=30708, stack(0x00000006e8200000,0x00000006e8300000)]
  0x0000012cd1e7e000 JavaThread "com.alibaba.nacos.client.remote.worker" daemon [_thread_blocked, id=27744, stack(0x00000006e8100000,0x00000006e8200000)]
  0x0000012cd1e7d800 JavaThread "nacos.publisher-com.alibaba.nacos.common.notify.SlowEvent" daemon [_thread_blocked, id=9228, stack(0x00000006e8000000,0x00000006e8100000)]
  0x0000012cd1e18000 JavaThread "com.alibaba.nacos.client.Worker" daemon [_thread_blocked, id=27856, stack(0x00000006e7f00000,0x00000006e8000000)]
  0x0000012cd1e17000 JavaThread "com.alibaba.nacos.client.Worker" daemon [_thread_blocked, id=24544, stack(0x00000006e7e00000,0x00000006e7f00000)]
  0x0000012cd1dfe000 JavaThread "com.alibaba.nacos.client.Worker" daemon [_thread_blocked, id=7552, stack(0x00000006e7d00000,0x00000006e7e00000)]
  0x0000012cd1dfd000 JavaThread "com.alibaba.nacos.client.auth.ram.identify.watcher.0" daemon [_thread_blocked, id=31024, stack(0x00000006e7c00000,0x00000006e7d00000)]
  0x0000012cd19c5000 JavaThread "RMI Scheduler(0)" daemon [_thread_blocked, id=24032, stack(0x00000006e7b00000,0x00000006e7c00000)]
  0x0000012cd12d8800 JavaThread "RMI TCP Connection(1)-192.168.80.1" daemon [_thread_in_native, id=29172, stack(0x00000006e7a00000,0x00000006e7b00000)]
  0x0000012cd11ff800 JavaThread "RMI TCP Accept-0" daemon [_thread_in_native, id=18048, stack(0x00000006e7800000,0x00000006e7900000)]
  0x0000012cd0f43800 JavaThread "Service Thread" daemon [_thread_blocked, id=30304, stack(0x00000006e7700000,0x00000006e7800000)]
  0x0000012cd0f17800 JavaThread "C1 CompilerThread3" daemon [_thread_blocked, id=28716, stack(0x00000006e7600000,0x00000006e7700000)]
  0x0000012cd0f0e000 JavaThread "C2 CompilerThread2" daemon [_thread_blocked, id=26112, stack(0x00000006e7500000,0x00000006e7600000)]
  0x0000012cd0f0b000 JavaThread "C2 CompilerThread1" daemon [_thread_blocked, id=29396, stack(0x00000006e7400000,0x00000006e7500000)]
  0x0000012cd0f05000 JavaThread "C2 CompilerThread0" daemon [_thread_blocked, id=30044, stack(0x00000006e7300000,0x00000006e7400000)]
  0x0000012cd0e85800 JavaThread "Monitor Ctrl-Break" daemon [_thread_in_native, id=30500, stack(0x00000006e7200000,0x00000006e7300000)]
  0x0000012dff678000 JavaThread "Attach Listener" daemon [_thread_blocked, id=9996, stack(0x00000006e7100000,0x00000006e7200000)]
  0x0000012cd09ea000 JavaThread "Signal Dispatcher" daemon [_thread_blocked, id=30012, stack(0x00000006e7000000,0x00000006e7100000)]
  0x0000012cf47b2000 JavaThread "Finalizer" daemon [_thread_blocked, id=26100, stack(0x00000006e6f00000,0x00000006e7000000)]
  0x0000012cf47aa800 JavaThread "Reference Handler" daemon [_thread_blocked, id=5712, stack(0x00000006e6e00000,0x00000006e6f00000)]

Other Threads:
=>0x0000012dff633000 VMThread [stack: 0x00000006e6d00000,0x00000006e6e00000] [id=10432]
  0x0000012cd120e800 WatcherThread [stack: 0x00000006e7900000,0x00000006e7a00000] [id=19652]

VM state:at safepoint (normal execution)

VM Mutex/Monitor currently owned by a thread:  ([mutex/lock_event])
[0x0000012cf4727060] Threads_lock - owner thread: 0x0000012dff633000

heap address: 0x0000012cf6c00000, size: 4074 MB, Compressed Oops mode: Non-zero based:0x0000012cf6bff000, Oop shift amount: 3
Narrow klass base: 0x0000012c8f000000, Narrow klass shift: 0
Compressed class space size: 1073741824 Address: 0x0000012c8f000000

Heap:
 PSYoungGen      total 203776K, used 72426K [0x0000012da0800000, 0x0000012db5300000, 0x0000012df5600000)
  eden space 188416K, 30% used [0x0000012da0800000,0x0000012da3fc1e28,0x0000012dac000000)
  from space 15360K, 99% used [0x0000012dac000000,0x0000012dacef8ca8,0x0000012dacf00000)
  to   space 18432K, 0% used [0x0000012db4100000,0x0000012db4100000,0x0000012db5300000)
 ParOldGen       total 128000K, used 16385K [0x0000012cf6c00000, 0x0000012cfe900000, 0x0000012da0800000)
  object space 128000K, 12% used [0x0000012cf6c00000,0x0000012cf7c00550,0x0000012cfe900000)
 Metaspace       used 47756K, capacity 50136K, committed 50352K, reserved 1093632K
  class space    used 6355K, capacity 6815K, committed 6832K, reserved 1048576K

Card table byte_map: [0x0000012df5600000,0x0000012df5e00000] byte_map_base: 0x0000012d5ee4a000

Marking Bits: (ParMarkBitMap*) 0x0000000057ba6830
 Begin Bits: [0x0000012df6350000, 0x0000012dfa2f8000)
 End Bits:   [0x0000012dfa2f8000, 0x0000012dfe2a0000)

Polling page: 0x0000012cf48c0000

CodeCache: size=245760Kb used=8605Kb max_used=8608Kb free=237154Kb
 bounds [0x0000012c80000000, 0x0000012c80870000, 0x0000012c8f000000]
 total_blobs=4890 nmethods=4325 adapters=477
 compilation: enabled

Compilation events (10 events):
Event: 12.243 Thread 0x0000012cd0f17800 4407       1       org.springframework.util.MimeType::getParameters (5 bytes)
Event: 12.244 Thread 0x0000012cd0f17800 nmethod 4407 0x0000012c80131010 code [0x0000012c80131160, 0x0000012c80131298]
Event: 12.244 Thread 0x0000012cd0f17800 4408       1       org.apache.tomcat.util.buf.AbstractChunk::getLength (10 bytes)
Event: 12.244 Thread 0x0000012cd0f17800 nmethod 4408 0x0000012c801e6390 code [0x0000012c801e64e0, 0x0000012c801e6618]
Event: 12.244 Thread 0x0000012cd0f17800 4409       1       org.apache.tomcat.util.buf.AbstractChunk::recycle (21 bytes)
Event: 12.244 Thread 0x0000012cd0f17800 nmethod 4409 0x0000012c801e6090 code [0x0000012c801e61e0, 0x0000012c801e6338]
Event: 16.321 Thread 0x0000012cd0f17800 4410       1       java.util.concurrent.locks.ReentrantLock$Sync::nonfairTryAcquire (67 bytes)
Event: 16.321 Thread 0x0000012cd0f17800 nmethod 4410 0x0000012c80869290 code [0x0000012c80869400, 0x0000012c808696b0]
Event: 17.361 Thread 0x0000012cd0f17800 4411       1       java.util.concurrent.locks.LockSupport::setBlocker (12 bytes)
Event: 17.362 Thread 0x0000012cd0f17800 nmethod 4411 0x0000012c80869790 code [0x0000012c808698e0, 0x0000012c80869a18]

GC Heap History (10 events):
Event: 4.217 GC heap before
{Heap before GC invocations=5 (full 1):
 PSYoungGen      total 76288K, used 65536K [0x0000012da0800000, 0x0000012da9d00000, 0x0000012df5600000)
  eden space 65536K, 100% used [0x0000012da0800000,0x0000012da4800000,0x0000012da4800000)
  from space 10752K, 0% used [0x0000012da4800000,0x0000012da4800000,0x0000012da5280000)
  to   space 10752K, 0% used [0x0000012da9280000,0x0000012da9280000,0x0000012da9d00000)
 ParOldGen       total 88576K, used 6640K [0x0000012cf6c00000, 0x0000012cfc280000, 0x0000012da0800000)
  object space 88576K, 7% used [0x0000012cf6c00000,0x0000012cf727c170,0x0000012cfc280000)
 Metaspace       used 22165K, capacity 23190K, committed 23472K, reserved 1069056K
  class space    used 2915K, capacity 3169K, committed 3248K, reserved 1048576K
Event: 4.220 GC heap after
Heap after GC invocations=5 (full 1):
 PSYoungGen      total 115712K, used 3037K [0x0000012da0800000, 0x0000012da9580000, 0x0000012df5600000)
  eden space 112640K, 0% used [0x0000012da0800000,0x0000012da0800000,0x0000012da7600000)
  from space 3072K, 98% used [0x0000012da9280000,0x0000012da9577608,0x0000012da9580000)
  to   space 10752K, 0% used [0x0000012da8080000,0x0000012da8080000,0x0000012da8b00000)
 ParOldGen       total 88576K, used 6648K [0x0000012cf6c00000, 0x0000012cfc280000, 0x0000012da0800000)
  object space 88576K, 7% used [0x0000012cf6c00000,0x0000012cf727e170,0x0000012cfc280000)
 Metaspace       used 22165K, capacity 23190K, committed 23472K, reserved 1069056K
  class space    used 2915K, capacity 3169K, committed 3248K, reserved 1048576K
}
Event: 6.374 GC heap before
{Heap before GC invocations=6 (full 1):
 PSYoungGen      total 115712K, used 115677K [0x0000012da0800000, 0x0000012da9580000, 0x0000012df5600000)
  eden space 112640K, 100% used [0x0000012da0800000,0x0000012da7600000,0x0000012da7600000)
  from space 3072K, 98% used [0x0000012da9280000,0x0000012da9577608,0x0000012da9580000)
  to   space 10752K, 0% used [0x0000012da8080000,0x0000012da8080000,0x0000012da8b00000)
 ParOldGen       total 88576K, used 6648K [0x0000012cf6c00000, 0x0000012cfc280000, 0x0000012da0800000)
  object space 88576K, 7% used [0x0000012cf6c00000,0x0000012cf727e170,0x0000012cfc280000)
 Metaspace       used 31405K, capacity 32454K, committed 32560K, reserved 1077248K
  class space    used 4125K, capacity 4349K, committed 4400K, reserved 1048576K
Event: 6.385 GC heap after
Heap after GC invocations=6 (full 1):
 PSYoungGen      total 134144K, used 10742K [0x0000012da0800000, 0x0000012dade00000, 0x0000012df5600000)
  eden space 123392K, 0% used [0x0000012da0800000,0x0000012da0800000,0x0000012da8080000)
  from space 10752K, 99% used [0x0000012da8080000,0x0000012da8afd9c0,0x0000012da8b00000)
  to   space 15360K, 0% used [0x0000012dacf00000,0x0000012dacf00000,0x0000012dade00000)
 ParOldGen       total 88576K, used 8942K [0x0000012cf6c00000, 0x0000012cfc280000, 0x0000012da0800000)
  object space 88576K, 10% used [0x0000012cf6c00000,0x0000012cf74bb928,0x0000012cfc280000)
 Metaspace       used 31405K, capacity 32454K, committed 32560K, reserved 1077248K
  class space    used 4125K, capacity 4349K, committed 4400K, reserved 1048576K
}
Event: 6.936 GC heap before
{Heap before GC invocations=7 (full 1):
 PSYoungGen      total 134144K, used 84223K [0x0000012da0800000, 0x0000012dade00000, 0x0000012df5600000)
  eden space 123392K, 59% used [0x0000012da0800000,0x0000012da4fc2570,0x0000012da8080000)
  from space 10752K, 99% used [0x0000012da8080000,0x0000012da8afd9c0,0x0000012da8b00000)
  to   space 15360K, 0% used [0x0000012dacf00000,0x0000012dacf00000,0x0000012dade00000)
 ParOldGen       total 88576K, used 8942K [0x0000012cf6c00000, 0x0000012cfc280000, 0x0000012da0800000)
  object space 88576K, 10% used [0x0000012cf6c00000,0x0000012cf74bb928,0x0000012cfc280000)
 Metaspace       used 34111K, capacity 35320K, committed 35496K, reserved 1079296K
  class space    used 4519K, capacity 4786K, committed 4912K, reserved 1048576K
Event: 6.943 GC heap after
Heap after GC invocations=7 (full 1):
 PSYoungGen      total 203776K, used 10237K [0x0000012da0800000, 0x0000012daee00000, 0x0000012df5600000)
  eden space 188416K, 0% used [0x0000012da0800000,0x0000012da0800000,0x0000012dac000000)
  from space 15360K, 66% used [0x0000012dacf00000,0x0000012dad8ff630,0x0000012dade00000)
  to   space 15360K, 0% used [0x0000012dac000000,0x0000012dac000000,0x0000012dacf00000)
 ParOldGen       total 88576K, used 8950K [0x0000012cf6c00000, 0x0000012cfc280000, 0x0000012da0800000)
  object space 88576K, 10% used [0x0000012cf6c00000,0x0000012cf74bd928,0x0000012cfc280000)
 Metaspace       used 34111K, capacity 35320K, committed 35496K, reserved 1079296K
  class space    used 4519K, capacity 4786K, committed 4912K, reserved 1048576K
}
Event: 6.943 GC heap before
{Heap before GC invocations=8 (full 2):
 PSYoungGen      total 203776K, used 10237K [0x0000012da0800000, 0x0000012daee00000, 0x0000012df5600000)
  eden space 188416K, 0% used [0x0000012da0800000,0x0000012da0800000,0x0000012dac000000)
  from space 15360K, 66% used [0x0000012dacf00000,0x0000012dad8ff630,0x0000012dade00000)
  to   space 15360K, 0% used [0x0000012dac000000,0x0000012dac000000,0x0000012dacf00000)
 ParOldGen       total 88576K, used 8950K [0x0000012cf6c00000, 0x0000012cfc280000, 0x0000012da0800000)
  object space 88576K, 10% used [0x0000012cf6c00000,0x0000012cf74bd928,0x0000012cfc280000)
 Metaspace       used 34111K, capacity 35320K, committed 35496K, reserved 1079296K
  class space    used 4519K, capacity 4786K, committed 4912K, reserved 1048576K
Event: 6.975 GC heap after
Heap after GC invocations=8 (full 2):
 PSYoungGen      total 203776K, used 0K [0x0000012da0800000, 0x0000012daee00000, 0x0000012df5600000)
  eden space 188416K, 0% used [0x0000012da0800000,0x0000012da0800000,0x0000012dac000000)
  from space 15360K, 0% used [0x0000012dacf00000,0x0000012dacf00000,0x0000012dade00000)
  to   space 15360K, 0% used [0x0000012dac000000,0x0000012dac000000,0x0000012dacf00000)
 ParOldGen       total 128000K, used 15358K [0x0000012cf6c00000, 0x0000012cfe900000, 0x0000012da0800000)
  object space 128000K, 11% used [0x0000012cf6c00000,0x0000012cf7aff8e8,0x0000012cfe900000)
 Metaspace       used 34111K, capacity 35320K, committed 35496K, reserved 1079296K
  class space    used 4519K, capacity 4786K, committed 4912K, reserved 1048576K
}
Event: 9.913 GC heap before
{Heap before GC invocations=9 (full 2):
 PSYoungGen      total 203776K, used 188416K [0x0000012da0800000, 0x0000012daee00000, 0x0000012df5600000)
  eden space 188416K, 100% used [0x0000012da0800000,0x0000012dac000000,0x0000012dac000000)
  from space 15360K, 0% used [0x0000012dacf00000,0x0000012dacf00000,0x0000012dade00000)
  to   space 15360K, 0% used [0x0000012dac000000,0x0000012dac000000,0x0000012dacf00000)
 ParOldGen       total 128000K, used 15358K [0x0000012cf6c00000, 0x0000012cfe900000, 0x0000012da0800000)
  object space 128000K, 11% used [0x0000012cf6c00000,0x0000012cf7aff8e8,0x0000012cfe900000)
 Metaspace       used 44896K, capacity 47140K, committed 47408K, reserved 1089536K
  class space    used 5942K, capacity 6405K, committed 6448K, reserved 1048576K
Event: 9.929 GC heap after
Heap after GC invocations=9 (full 2):
 PSYoungGen      total 203776K, used 15331K [0x0000012da0800000, 0x0000012db5300000, 0x0000012df5600000)
  eden space 188416K, 0% used [0x0000012da0800000,0x0000012da0800000,0x0000012dac000000)
  from space 15360K, 99% used [0x0000012dac000000,0x0000012dacef8ca8,0x0000012dacf00000)
  to   space 18432K, 0% used [0x0000012db4100000,0x0000012db4100000,0x0000012db5300000)
 ParOldGen       total 128000K, used 16385K [0x0000012cf6c00000, 0x0000012cfe900000, 0x0000012da0800000)
  object space 128000K, 12% used [0x0000012cf6c00000,0x0000012cf7c00550,0x0000012cfe900000)
 Metaspace       used 44896K, capacity 47140K, committed 47408K, reserved 1089536K
  class space    used 5942K, capacity 6405K, committed 6448K, reserved 1048576K
}

Deoptimization events (0 events):
No events

Classes redefined (0 events):
No events

Internal exceptions (10 events):
Event: 9.146 Thread 0x0000012cf4711000 Exception <a 'java/lang/ClassNotFoundException': java/lang/ObjectCustomizer> (0x0000012da8baa430) thrown at [C:\wsjdk\Corretto8Src\installers\windows\zip\corretto-build\buildRoot\hotspot\src\share\vm\classfile\systemDictionary.cpp, line 217]
Event: 9.147 Thread 0x0000012cf4711000 Exception <a 'java/lang/ClassNotFoundException': org/springframework/jmx/export/metadata/AbstractJmxAttributeCustomizer> (0x0000012da8bcdb20) thrown at [C:\wsjdk\Corretto8Src\installers\windows\zip\corretto-build\buildRoot\hotspot\src\share\vm\classfile\s
Event: 9.148 Thread 0x0000012cf4711000 Exception <a 'java/lang/ClassNotFoundException': org/springframework/jmx/export/metadata/ManagedAttributeCustomizer> (0x0000012da8bf16c0) thrown at [C:\wsjdk\Corretto8Src\installers\windows\zip\corretto-build\buildRoot\hotspot\src\share\vm\classfile\syste
Event: 9.715 Thread 0x0000012cd72b0000 Exception <a 'java/lang/ArrayStoreException'> (0x0000012daad819a8) thrown at [C:\wsjdk\Corretto8Src\installers\windows\zip\corretto-build\buildRoot\hotspot\src\share\vm\runtime\sharedRuntime.cpp, line 610]
Event: 9.800 Thread 0x0000012cd72b0000 Exception <a 'java/lang/ClassNotFoundException': java/lang/ObjectCustomizer> (0x0000012dab621700) thrown at [C:\wsjdk\Corretto8Src\installers\windows\zip\corretto-build\buildRoot\hotspot\src\share\vm\classfile\systemDictionary.cpp, line 217]
Event: 9.802 Thread 0x0000012cd72b0000 Exception <a 'java/lang/ClassNotFoundException': org/springframework/cloud/netflix/ribbon/DefaultServerIntrospectorCustomizer> (0x0000012dab64abf8) thrown at [C:\wsjdk\Corretto8Src\installers\windows\zip\corretto-build\buildRoot\hotspot\src\share\vm\class
Event: 9.804 Thread 0x0000012cd72b0000 Exception <a 'java/lang/ClassNotFoundException': com/alibaba/cloud/nacos/ribbon/NacosServerIntrospectorCustomizer> (0x0000012dab670a08) thrown at [C:\wsjdk\Corretto8Src\installers\windows\zip\corretto-build\buildRoot\hotspot\src\share\vm\classfile\systemD
Event: 9.806 Thread 0x0000012cd72b0000 Exception <a 'java/lang/ClassNotFoundException': org/springframework/cloud/netflix/ribbon/ServerIntrospectorCustomizer> (0x0000012dab699070) thrown at [C:\wsjdk\Corretto8Src\installers\windows\zip\corretto-build\buildRoot\hotspot\src\share\vm\classfile\sy
Event: 13.436 Thread 0x0000012cd1dfd000 Exception <a 'java/io/FileNotFoundException'> (0x0000012da3d14a78) thrown at [C:\wsjdk\Corretto8Src\installers\windows\zip\corretto-build\buildRoot\hotspot\src\share\vm\prims\jni.cpp, line 709]
Event: 13.436 Thread 0x0000012cd1dfd000 Exception <a 'java/io/FileNotFoundException'> (0x0000012da3d15050) thrown at [C:\wsjdk\Corretto8Src\installers\windows\zip\corretto-build\buildRoot\hotspot\src\share\vm\prims\jni.cpp, line 709]

Events (10 events):
Event: 17.519 loading class org/apache/tomcat/PeriodicEventListener done
Event: 17.520 Executing VM operation: RevokeBias
Event: 17.520 Executing VM operation: RevokeBias done
Event: 17.520 Executing VM operation: RevokeBias
Event: 17.520 Executing VM operation: RevokeBias done
Event: 18.441 Thread 0x0000012cd75b8800 Thread added: 0x0000012cd75b8800
Event: 19.207 Thread 0x0000012cd72ab800 Thread exited: 0x0000012cd72ab800
Event: 19.207 Thread 0x0000012cd72ad000 Thread exited: 0x0000012cd72ad000
Event: 19.207 Thread 0x0000012cd72a6000 Thread exited: 0x0000012cd72a6000
Event: 19.207 Executing VM operation: BulkRevokeBias


Dynamic libraries:
0x00007ff698d40000 - 0x00007ff698d7a000 	D:\JavaJdk\JDK8\bin\java.exe
0x00007ff820cb0000 - 0x00007ff820ea8000 	C:\Windows\SYSTEM32\ntdll.dll
0x00007ff81f980000 - 0x00007ff81fa3f000 	C:\Windows\System32\KERNEL32.DLL
0x00007ff81e800000 - 0x00007ff81eaf6000 	C:\Windows\System32\KERNELBASE.dll
0x00007ff820960000 - 0x00007ff820a0f000 	C:\Windows\System32\ADVAPI32.dll
0x00007ff81f470000 - 0x00007ff81f50e000 	C:\Windows\System32\msvcrt.dll
0x00007ff81fe30000 - 0x00007ff81fecc000 	C:\Windows\System32\sechost.dll
0x00007ff81ede0000 - 0x00007ff81ef06000 	C:\Windows\System32\RPCRT4.dll
0x00007ff820070000 - 0x00007ff82020d000 	C:\Windows\System32\USER32.dll
0x00007ff81ece0000 - 0x00007ff81ed02000 	C:\Windows\System32\win32u.dll
0x00007ff81fd90000 - 0x00007ff81fdbc000 	C:\Windows\System32\GDI32.dll
0x00007ff81e5a0000 - 0x00007ff81e6b5000 	C:\Windows\System32\gdi32full.dll
0x00007ff81e500000 - 0x00007ff81e59d000 	C:\Windows\System32\msvcp_win.dll
0x00007ff81e400000 - 0x00007ff81e500000 	C:\Windows\System32\ucrtbase.dll
0x00007ff8055c0000 - 0x00007ff80585a000 	C:\Windows\WinSxS\amd64_microsoft.windows.common-controls_6595b64144ccf1df_6.0.19041.1110_none_60b5254171f9507e\COMCTL32.dll
0x00007ff81ed20000 - 0x00007ff81ed50000 	C:\Windows\System32\IMM32.DLL
0x00007fffceef0000 - 0x00007fffcefdf000 	D:\JavaJdk\JDK8\jre\bin\msvcr120.dll
0x00007fffce950000 - 0x00007fffce9f6000 	D:\JavaJdk\JDK8\jre\bin\msvcp120.dll
0x00000000573b0000 - 0x0000000057c25000 	D:\JavaJdk\JDK8\jre\bin\server\jvm.dll
0x00007ff81fd80000 - 0x00007ff81fd88000 	C:\Windows\System32\PSAPI.DLL
0x00007ff817110000 - 0x00007ff81711a000 	C:\Windows\SYSTEM32\VERSION.dll
0x00007ff810c30000 - 0x00007ff810c57000 	C:\Windows\SYSTEM32\WINMM.dll
0x00007ff8195c0000 - 0x00007ff8195c9000 	C:\Windows\SYSTEM32\WSOCK32.dll
0x00007ff81fed0000 - 0x00007ff81ff3b000 	C:\Windows\System32\WS2_32.dll
0x00007ffff11a0000 - 0x00007ffff11af000 	D:\JavaJdk\JDK8\jre\bin\verify.dll
0x00007fffe4870000 - 0x00007fffe4899000 	D:\JavaJdk\JDK8\jre\bin\java.dll
0x00007fffd1eb0000 - 0x00007fffd1eda000 	D:\JavaJdk\JDK8\jre\bin\instrument.dll
0x00007fffe4850000 - 0x00007fffe4866000 	D:\JavaJdk\JDK8\jre\bin\zip.dll
0x00007ff820210000 - 0x00007ff820954000 	C:\Windows\System32\SHELL32.dll
0x00007ff81c420000 - 0x00007ff81cbb4000 	C:\Windows\SYSTEM32\windows.storage.dll
0x00007ff81efc0000 - 0x00007ff81f314000 	C:\Windows\System32\combase.dll
0x00007ff81ddd0000 - 0x00007ff81ddfe000 	C:\Windows\SYSTEM32\Wldp.dll
0x00007ff81ffc0000 - 0x00007ff82006d000 	C:\Windows\System32\SHCORE.dll
0x00007ff81fd20000 - 0x00007ff81fd75000 	C:\Windows\System32\shlwapi.dll
0x00007ff81e2c0000 - 0x00007ff81e2e5000 	C:\Windows\SYSTEM32\profapi.dll
0x00007fffe01a0000 - 0x00007fffe01ba000 	D:\ideal 2021\IntelliJ IDEA 2021.2.2\bin\breakgen64.dll
0x00007fffe0f20000 - 0x00007fffe0f3a000 	D:\JavaJdk\JDK8\jre\bin\net.dll
0x00007ff81dac0000 - 0x00007ff81db2a000 	C:\Windows\system32\mswsock.dll
0x00007ff81d7f0000 - 0x00007ff81d8ba000 	C:\Windows\SYSTEM32\DNSAPI.dll
0x00007ff81d7b0000 - 0x00007ff81d7ec000 	C:\Windows\SYSTEM32\IPHLPAPI.DLL
0x00007ff81ed10000 - 0x00007ff81ed18000 	C:\Windows\System32\NSI.dll
0x00007ff807530000 - 0x00007ff807547000 	C:\Windows\system32\wlidnsp.dll
0x00007ff815a80000 - 0x00007ff815a8a000 	C:\Windows\System32\rasadhlp.dll
0x00007ff815aa0000 - 0x00007ff815b22000 	C:\Windows\System32\fwpuclnt.dll
0x00007ff81ec60000 - 0x00007ff81ec87000 	C:\Windows\System32\bcrypt.dll
0x00007fffefb10000 - 0x00007fffefb1d000 	D:\JavaJdk\JDK8\jre\bin\management.dll
0x00007fffe0bb0000 - 0x00007fffe0bc2000 	D:\JavaJdk\JDK8\jre\bin\nio.dll
0x00007ff81dcb0000 - 0x00007ff81dcc8000 	C:\Windows\SYSTEM32\CRYPTSP.dll
0x00007ff81d380000 - 0x00007ff81d3b4000 	C:\Windows\system32\rsaenh.dll
0x00007ff81e240000 - 0x00007ff81e26e000 	C:\Windows\SYSTEM32\USERENV.dll
0x00007ff81e770000 - 0x00007ff81e7f2000 	C:\Windows\System32\bcryptprimitives.dll
0x00007ff81dcd0000 - 0x00007ff81dcdc000 	C:\Windows\SYSTEM32\CRYPTBASE.dll
0x00007ff817350000 - 0x00007ff817367000 	C:\Windows\SYSTEM32\dhcpcsvc6.DLL
0x00007ff817330000 - 0x00007ff81734d000 	C:\Windows\SYSTEM32\dhcpcsvc.DLL
0x00007ff808b20000 - 0x00007ff808b37000 	C:\Windows\system32\napinsp.dll
0x00007ff808ae0000 - 0x00007ff808afb000 	C:\Windows\system32\pnrpnsp.dll
0x00007ff819ca0000 - 0x00007ff819cbd000 	C:\Windows\system32\NLAapi.dll
0x00007ff808570000 - 0x00007ff808585000 	C:\Windows\system32\wshbth.dll
0x00007ff807550000 - 0x00007ff807562000 	C:\Windows\System32\winrnr.dll
0x0000000180000000 - 0x000000018034d000 	D:\apache-tomcat-10.1.6\bin\tcnative-1.dll
0x00007ff81eb00000 - 0x00007ff81ec5e000 	C:\Windows\System32\CRYPT32.dll
0x00007fffdfd30000 - 0x00007fffdfd53000 	D:\JavaJdk\JDK8\jre\bin\sunec.dll

VM Arguments:
jvm_args: -XX:TieredStopAtLevel=1 -Xverify:none -Dspring.output.ansi.enabled=always -javaagent:D:\ideal 2021\IntelliJ IDEA 2021.2.2\lib\idea_rt.jar=63419:D:\ideal 2021\IntelliJ IDEA 2021.2.2\bin -Dcom.sun.management.jmxremote -Dspring.jmx.enabled=true -Dspring.liveBeansView.mbeanDomain -Dspring.application.admin.enabled=true -Dfile.encoding=UTF-8 
java_command: com.csv.SpringLaunch
java_class_path (initial): D:\JavaJdk\JDK8\jre\lib\charsets.jar;D:\JavaJdk\JDK8\jre\lib\ext\access-bridge-64.jar;D:\JavaJdk\JDK8\jre\lib\ext\cldrdata.jar;D:\JavaJdk\JDK8\jre\lib\ext\dnsns.jar;D:\JavaJdk\JDK8\jre\lib\ext\jaccess.jar;D:\JavaJdk\JDK8\jre\lib\ext\jfxrt.jar;D:\JavaJdk\JDK8\jre\lib\ext\localedata.jar;D:\JavaJdk\JDK8\jre\lib\ext\nashorn.jar;D:\JavaJdk\JDK8\jre\lib\ext\sunec.jar;D:\JavaJdk\JDK8\jre\lib\ext\sunjce_provider.jar;D:\JavaJdk\JDK8\jre\lib\ext\sunmscapi.jar;D:\JavaJdk\JDK8\jre\lib\ext\sunpkcs11.jar;D:\JavaJdk\JDK8\jre\lib\ext\zipfs.jar;D:\JavaJdk\JDK8\jre\lib\jce.jar;D:\JavaJdk\JDK8\jre\lib\jfr.jar;D:\JavaJdk\JDK8\jre\lib\jfxswt.jar;D:\JavaJdk\JDK8\jre\lib\jsse.jar;D:\JavaJdk\JDK8\jre\lib\management-agent.jar;D:\JavaJdk\JDK8\jre\lib\resources.jar;D:\JavaJdk\JDK8\jre\lib\rt.jar;D:\JAVAIDEA\Javaproject\fbs\CallService\target\classes;D:\ideal 2021\IntelliJ IDEA 2021.2.2\plugins\maven\lib\maven3\repository\org\springframework\cloud\spring-cloud-starter-openfeign\2.2.9.RELEASE\spring-cloud-starter-openfeign-2.2.9.RELEASE.jar;D:\ideal 2021\IntelliJ IDEA 2021.2.2\plugins\maven\lib\maven3\repository\org\springframework\cloud\spring-cloud-starter\2.2.9.RELEASE\spring-cloud-starter-2.2.9.RELEASE.jar;D:\ideal 2021\IntelliJ IDEA 2021.2.2\plugins\maven\lib\maven3\repository\org\springframework\security\spring-security-rsa\1.0.9.RELEASE\spring-security-rsa-1.0.9.RELEASE.jar;D:\ideal 2021\IntelliJ IDEA 2021.2.2\plugins\maven\lib\maven3\repository\org\bouncycastle\bcpkix-jdk15on\1.64\bcpkix-jdk15on-1.64.jar;D:\ideal 2021\IntelliJ IDEA 2021.2.2\plugins\maven\lib\maven3\repository\org\bouncycastle\bcprov-jdk15on\1.64\bcprov-jdk15on-1.64.jar;D:\ideal 2021\IntelliJ IDEA 2021.2.2\plugins\maven\lib\maven3\repository\org\springframework\cloud\spring-cloud-openfeign-core\2.2.9.RELEASE\spring-cloud-openfeign-core-2.2.9.RELEASE.jar;D:\ideal 2021\IntelliJ IDEA 2021.2.2\plugins\maven\lib\maven3\repository\org\springframework\boot\spring-boot-autoconfigure\2.3.12.RELEASE\sp
Launcher Type: SUN_STANDARD

Environment Variables:
JAVA_HOME=D:\JavaJdk\jdk19
PATH=C:\Program Files (x86)\WPS Office\12.1.0.15120\office6;D:\JavaJdk\jdk19\bin;D:\JavaJdk\jdk19\jre\bin;C:\Program Files\Common Files\Oracle\Java\javapath;C:\Program Files\Microsoft MPI\Bin\;C:\Windows\system32;C:\Windows;C:\Windows\System32\Wbem;C:\Windows\System32\WindowsPowerShell\v1.0\;C:\Windows\System32\OpenSSH\;C:\Program Files (x86)\NVIDIA Corporation\PhysX\Common;C:\Program Files\NVIDIA Corporation\NVIDIA NvDLISR;C:\Windows\system32;C:\Windows;C:\Windows\System32\Wbem;C:\Windows\System32\WindowsPowerShell\v1.0\;C:\Windows\System32\OpenSSH\;C:\Program Files\Microsoft SQL Server\150\Tools\Binn\;C:\Program Files\Microsoft SQL Server\Client SDK\ODBC\170\Tools\Binn\;C:\Program Files (x86)\Microsoft SQL Server\150\Tools\Binn\;C:\Program Files\Microsoft SQL Server\150\DTS\Binn\;C:\Program Files (x86)\Microsoft SQL Server\150\DTS\Binn\;D:\Node\;D:\Node\node_global\node_modules;D:\phpstudy_pro\Extensions\php\php7.3.4nts;C:\ProgramData\ComposerSetup\bin;D:\apache-tomcat-10.1.6\bin;D:\apache-tomcat-10.1.6\lib;D:\WechatDev\微信web开发者工具\dll;%MAVEN;HOME%\bin;C:\Program Files\MySQL\MySQL Server 5.7\bin;D:\Node\node_global;D:\git\Git\cmd;D:\apache-maven-3.8.8\bin;C:\Program Files\MySQL\MySQL Shell 8.0\bin\;D:\JAVAIDEA\IntelliJ IDEA 2022.2.3\bin;;D:\SSHSecureShell;
USERNAME=dong
OS=Windows_NT
PROCESSOR_IDENTIFIER=Intel64 Family 6 Model 165 Stepping 2, GenuineIntel



---------------  S Y S T E M  ---------------

OS: Windows 10 , 64 bit Build 19041 (10.0.19041.3155)

CPU:total 12 (initial active 12) (6 cores per cpu, 2 threads per core) family 6 model 165 stepping 2, cmov, cx8, fxsr, mmx, sse, sse2, sse3, ssse3, sse4.1, sse4.2, popcnt, avx, avx2, aes, clmul, erms, 3dnowpref, lzcnt, ht, tsc, tscinvbit, bmi1, bmi2, adx

Memory: 4k page, physical 16682800k(5489244k free), swap 20778800k(516k free)

vm_info: OpenJDK 64-Bit Server VM (25.362-b08) for windows-amd64 JRE (1.8.0_362-b08), built on Jan 13 2023 13:30:12 by "Administrator" with MS VC++ 12.0 (VS2013)

time: Mon Jul 24 21:49:20 2023
timezone: 中国标准时间
elapsed time: 19.231725 seconds (0d 0h 0m 19s)

